<?xml version="1.0" encoding="UTF-8"?>
<testng-results ignored="0" total="1" passed="1" failed="0" skipped="0">
  <reporter-output>
    <line>
      <![CDATA[logout succesfully done!!!]]>
    </line>
  </reporter-output>
  <suite started-at="2022-07-05T13:10:12 IST" name="Default suite" finished-at="2022-07-05T13:10:17 IST" duration-ms="4490">
    <groups>
    </groups>
    <test started-at="2022-07-05T13:10:12 IST" name="Default test" finished-at="2022-07-05T13:10:17 IST" duration-ms="4490">
      <class name="Framework.Tests.WebLoginTest">
        <test-method is-config="true" signature="beforeSuite()[pri:0, instance:Framework.Tests.WebLoginTest@28f3b248]" started-at="2022-07-05T13:10:12 IST" name="beforeSuite" finished-at="2022-07-05T13:10:13 IST" duration-ms="106" status="PASS">
          <reporter-output>
          </reporter-output>
        </test-method> <!-- beforeSuite -->
        <test-method is-config="true" signature="beforeClass()[pri:0, instance:Framework.Tests.WebLoginTest@28f3b248]" started-at="2022-07-05T13:10:13 IST" name="beforeClass" finished-at="2022-07-05T13:10:16 IST" duration-ms="3183" status="PASS">
          <reporter-output>
          </reporter-output>
        </test-method> <!-- beforeClass -->
        <test-method is-config="true" signature="beforeMethod()[pri:0, instance:Framework.Tests.WebLoginTest@28f3b248]" started-at="2022-07-05T13:10:16 IST" name="beforeMethod" finished-at="2022-07-05T13:10:16 IST" duration-ms="1" status="PASS">
          <reporter-output>
          </reporter-output>
        </test-method> <!-- beforeMethod -->
        <test-method signature="loginTest()[pri:0, instance:Framework.Tests.WebLoginTest@28f3b248]" started-at="2022-07-05T13:10:16 IST" name="loginTest" finished-at="2022-07-05T13:10:16 IST" duration-ms="584" status="PASS">
          <reporter-output>
            <line>
              <![CDATA[logout succesfully done!!!]]>
            </line>
          </reporter-output>
        </test-method> <!-- loginTest -->
        <test-method is-config="true" signature="getResult(org.testng.ITestResult)[pri:0, instance:Framework.Tests.WebLoginTest@28f3b248]" started-at="2022-07-05T13:10:16 IST" name="getResult" finished-at="2022-07-05T13:10:16 IST" duration-ms="6" status="PASS">
          <params>
            <param index="0">
              <value>
                <![CDATA[[TestResult name=loginTest status=SUCCESS method=WebLoginTest.loginTest()[pri:0, instance:Framework.Tests.WebLoginTest@28f3b248] output=logout succesfully done!!!]]]>
              </value>
            </param>
          </params>
          <reporter-output>
          </reporter-output>
        </test-method> <!-- getResult -->
        <test-method is-config="true" signature="tearDown()[pri:0, instance:Framework.Tests.WebLoginTest@28f3b248]" started-at="2022-07-05T13:10:16 IST" name="tearDown" finished-at="2022-07-05T13:10:17 IST" duration-ms="586" status="PASS">
          <reporter-output>
          </reporter-output>
        </test-method> <!-- tearDown -->
        <test-method is-config="true" signature="afterSuite()[pri:0, instance:Framework.Tests.WebLoginTest@28f3b248]" started-at="2022-07-05T13:10:17 IST" name="afterSuite" finished-at="2022-07-05T13:10:17 IST" duration-ms="163" status="PASS">
          <reporter-output>
          </reporter-output>
        </test-method> <!-- afterSuite -->
      </class> <!-- Framework.Tests.WebLoginTest -->
    </test> <!-- Default test -->
  </suite> <!-- Default suite -->
</testng-results>
