<?xml version="1.0" encoding="UTF-8"?>
<testng-results ignored="0" total="1" passed="1" failed="0" skipped="0">
  <reporter-output>
  </reporter-output>
  <suite started-at="2024-05-09T12:06:47 IST" name="Default suite" finished-at="2024-05-09T12:07:24 IST" duration-ms="37293">
    <groups>
    </groups>
    <test started-at="2024-05-09T12:06:47 IST" name="Default test" finished-at="2024-05-09T12:07:24 IST" duration-ms="37293">
      <class name="Framework.Tests.AddProductsTest">
        <test-method is-config="true" signature="beforeSuite()[pri:0, instance:Framework.Tests.AddProductsTest@18d87d80]" started-at="2024-05-09T12:06:47 IST" name="beforeSuite" finished-at="2024-05-09T12:06:47 IST" duration-ms="174" status="PASS">
          <reporter-output>
          </reporter-output>
        </test-method> <!-- beforeSuite -->
        <test-method is-config="true" signature="beforeClass()[pri:0, instance:Framework.Tests.AddProductsTest@18d87d80]" started-at="2024-05-09T12:06:47 IST" name="beforeClass" finished-at="2024-05-09T12:06:49 IST" duration-ms="1937" status="PASS">
          <reporter-output>
          </reporter-output>
        </test-method> <!-- beforeClass -->
        <test-method is-config="true" signature="beforeMethod()[pri:0, instance:Framework.Tests.AddProductsTest@18d87d80]" started-at="2024-05-09T12:06:49 IST" name="beforeMethod" finished-at="2024-05-09T12:06:49 IST" duration-ms="597" status="PASS">
          <reporter-output>
          </reporter-output>
        </test-method> <!-- beforeMethod -->
        <test-method signature="addProductTest()[pri:0, instance:Framework.Tests.AddProductsTest@18d87d80]" started-at="2024-05-09T12:06:49 IST" name="addProductTest" finished-at="2024-05-09T12:07:23 IST" duration-ms="34154" status="PASS">
          <reporter-output>
          </reporter-output>
        </test-method> <!-- addProductTest -->
        <test-method is-config="true" signature="getResult(org.testng.ITestResult)[pri:0, instance:Framework.Tests.AddProductsTest@18d87d80]" started-at="2024-05-09T12:07:23 IST" name="getResult" finished-at="2024-05-09T12:07:23 IST" duration-ms="6" status="PASS">
          <params>
            <param index="0">
              <value>
                <![CDATA[[TestResult name=addProductTest status=SUCCESS method=AddProductsTest.addProductTest()[pri:0, instance:Framework.Tests.AddProductsTest@18d87d80] output={null}]]]>
              </value>
            </param>
          </params>
          <reporter-output>
          </reporter-output>
        </test-method> <!-- getResult -->
        <test-method is-config="true" signature="tearDown()[pri:0, instance:Framework.Tests.AddProductsTest@18d87d80]" started-at="2024-05-09T12:07:23 IST" name="tearDown" finished-at="2024-05-09T12:07:24 IST" duration-ms="391" status="PASS">
          <reporter-output>
          </reporter-output>
        </test-method> <!-- tearDown -->
        <test-method is-config="true" signature="afterSuite()[pri:0, instance:Framework.Tests.AddProductsTest@18d87d80]" started-at="2024-05-09T12:07:24 IST" name="afterSuite" finished-at="2024-05-09T12:07:24 IST" duration-ms="295" status="PASS">
          <reporter-output>
          </reporter-output>
        </test-method> <!-- afterSuite -->
      </class> <!-- Framework.Tests.AddProductsTest -->
    </test> <!-- Default test -->
  </suite> <!-- Default suite -->
</testng-results>
